{
  "RSpec": {
    "coverage": {
      "/home/sircharles/rails_projects/new_bill_oyst/spec/support/user_helper.rb": [
        1,
        null,
        1,
        1,
        1,
        1,
        1,
        null,
        null,
        1,
        0,
        null,
        null,
        null
      ],
      "/home/sircharles/rails_projects/new_bill_oyst/app/models/account.rb": [
        1,
        1,
        null,
        1,
        0,
        null,
        null,
        1,
        0,
        null,
        null,
        1,
        0,
        null,
        null,
        null,
        null,
        null
      ],
      "/home/sircharles/rails_projects/new_bill_oyst/app/controllers/dashboards_controller.rb": [
        1,
        null,
        1,
        1,
        null,
        null,
        null
      ],
      "/home/sircharles/rails_projects/new_bill_oyst/app/models/dashboard.rb": [
        1,
        null,
        1,
        1,
        null,
        null,
        1,
        null,
        1,
        0,
        null,
        null,
        null
      ]
    },
    "timestamp": 1397166854
  }
}
