{
  "RSpec": {
    "coverage": {
      "/home/sircharles/rails_projects/new_bill_oyst/spec/support/user_helper.rb": [
        1,
        null,
        1,
        0,
        0,
        0,
        0,
        null,
        null,
        1,
        0,
        null,
        null,
        null
      ],
      "/home/sircharles/rails_projects/new_bill_oyst/spec/features/admin_dashboard_spec.rb": [
        1,
        null,
        1,
        null,
        null,
        null,
        null,
        null,
        null,
        null,
        1,
        0,
        null,
        null,
        1,
        0,
        0,
        0,
        0,
        0,
        0,
        null,
        null,
        1,
        0,
        0,
        0,
        0,
        0,
        0,
        0,
        0,
        null,
        null,
        null
      ],
      "/home/sircharles/rails_projects/new_bill_oyst/spec/features/image_upload_spec.rb": [
        1,
        null,
        1,
        null,
        null,
        null,
        null,
        null,
        null,
        null,
        1,
        0,
        null,
        null,
        1,
        0,
        0,
        0,
        0,
        0,
        null,
        null,
        null
      ],
      "/home/sircharles/rails_projects/new_bill_oyst/spec/features/new_user_invitation_spec.rb": [
        1,
        null,
        1,
        null,
        null,
        null,
        null,
        null,
        null,
        1,
        0,
        0,
        null,
        null,
        1,
        0,
        0,
        0,
        0,
        0,
        0,
        null,
        null,
        1,
        0,
        null,
        null,
        null
      ],
      "/home/sircharles/rails_projects/new_bill_oyst/spec/features/user_edit_profile_spec.rb": [
        1,
        null,
        1,
        null,
        null,
        null,
        null,
        null,
        null,
        1,
        1,
        0,
        null,
        null,
        1,
        0,
        0,
        0,
        null,
        null,
        1,
        0,
        0,
        0,
        0,
        0,
        0,
        0,
        null,
        null,
        1,
        0,
        null,
        null
      ],
      "/home/sircharles/rails_projects/new_bill_oyst/spec/features/user_signin_spec.rb": [
        1,
        null,
        1,
        null,
        null,
        null,
        null,
        null,
        null,
        null,
        1,
        0,
        0,
        null,
        null,
        1,
        0,
        0,
        0,
        0,
        0,
        0,
        null,
        null,
        null
      ],
      "/home/sircharles/rails_projects/new_bill_oyst/spec/models/account_spec.rb": [
        1,
        null,
        1,
        1,
        0,
        0,
        null,
        null
      ],
      "/home/sircharles/rails_projects/new_bill_oyst/app/models/account.rb": [
        1,
        1,
        null,
        1,
        0,
        null,
        null,
        1,
        0,
        null,
        null,
        1,
        0,
        null,
        null,
        null,
        null,
        null
      ],
      "/home/sircharles/rails_projects/new_bill_oyst/spec/models/post_spec.rb": [
        1,
        null,
        1,
        1,
        null
      ],
      "/home/sircharles/rails_projects/new_bill_oyst/app/models/post.rb": [
        1,
        1,
        1,
        null,
        1,
        null
      ],
      "/home/sircharles/rails_projects/new_bill_oyst/spec/models/user_spec.rb": [
        1,
        null,
        1,
        null,
        1,
        0,
        0,
        null,
        null,
        1,
        0,
        0,
        null,
        null,
        1,
        0,
        0,
        null,
        null,
        1,
        0,
        0,
        null,
        null,
        1,
        1,
        0,
        0,
        null,
        null,
        null
      ]
    },
    "timestamp": 1397158997
  }
}
